Build started 12/13/2017 11:35:53 AM.
     1>Project "C:\Users\Evan Becker\documents\visual studio 2010\Projects\FinalProject\FinalProject\FinalProject.vcxproj" on node 2 (build target(s)).
     1>PrepareForBuild:
         Creating directory "C:\Users\Evan Becker\documents\visual studio 2010\Projects\FinalProject\Release\".
       InitializeBuildStatus:
         Creating "Release\FinalProject.unsuccessfulbuild" because "AlwaysCreate" was specified.
       ClCompile:
         C:\Program Files (x86)\Microsoft Visual Studio 10.0\VC\bin\CL.exe /c /Zi /nologo /W3 /WX- /O2 /Oi /Oy- /GL /D _MBCS /Gm- /EHsc /MD /GS /Gy /fp:precise /Zc:wchar_t /Zc:forScope /Fo"Release\\" /Fd"Release\vc100.pdb" /Gd /TP /analyze- /errorReport:prompt EvanBecker_Final.cpp
         EvanBecker_Final.cpp
     1>EvanBecker_Final.cpp(109): warning C4996: 'fopen': This function or variable may be unsafe. Consider using fopen_s instead. To disable deprecation, use _CRT_SECURE_NO_WARNINGS. See online help for details.
                 C:\Program Files (x86)\Microsoft Visual Studio 10.0\VC\include\stdio.h(234) : see declaration of 'fopen'
     1>EvanBecker_Final.cpp(118): warning C4996: 'fscanf': This function or variable may be unsafe. Consider using fscanf_s instead. To disable deprecation, use _CRT_SECURE_NO_WARNINGS. See online help for details.
                 C:\Program Files (x86)\Microsoft Visual Studio 10.0\VC\include\stdio.h(253) : see declaration of 'fscanf'
     1>EvanBecker_Final.cpp(133): warning C4996: 'fscanf': This function or variable may be unsafe. Consider using fscanf_s instead. To disable deprecation, use _CRT_SECURE_NO_WARNINGS. See online help for details.
                 C:\Program Files (x86)\Microsoft Visual Studio 10.0\VC\include\stdio.h(253) : see declaration of 'fscanf'
     1>EvanBecker_Final.cpp(149): warning C4996: 'fscanf': This function or variable may be unsafe. Consider using fscanf_s instead. To disable deprecation, use _CRT_SECURE_NO_WARNINGS. See online help for details.
                 C:\Program Files (x86)\Microsoft Visual Studio 10.0\VC\include\stdio.h(253) : see declaration of 'fscanf'
     1>EvanBecker_Final.cpp(153): warning C4996: 'fscanf': This function or variable may be unsafe. Consider using fscanf_s instead. To disable deprecation, use _CRT_SECURE_NO_WARNINGS. See online help for details.
                 C:\Program Files (x86)\Microsoft Visual Studio 10.0\VC\include\stdio.h(253) : see declaration of 'fscanf'
     1>EvanBecker_Final.cpp(240): warning C4018: '<' : signed/unsigned mismatch
       Link:
         C:\Program Files (x86)\Microsoft Visual Studio 10.0\VC\bin\link.exe /ERRORREPORT:PROMPT /OUT:"C:\Users\Evan Becker\documents\visual studio 2010\Projects\FinalProject\Release\FinalProject.exe" /NOLOGO kernel32.lib user32.lib gdi32.lib winspool.lib comdlg32.lib advapi32.lib shell32.lib ole32.lib oleaut32.lib uuid.lib odbc32.lib odbccp32.lib /MANIFEST /ManifestFile:"Release\FinalProject.exe.intermediate.manifest" /MANIFESTUAC:"level='asInvoker' uiAccess='false'" /DEBUG /PDB:"C:\Users\Evan Becker\documents\visual studio 2010\Projects\FinalProject\Release\FinalProject.pdb" /OPT:REF /OPT:ICF /LTCG /TLBID:1 /DYNAMICBASE /NXCOMPAT /IMPLIB:"C:\Users\Evan Becker\documents\visual studio 2010\Projects\FinalProject\Release\FinalProject.lib" /MACHINE:X86 Release\EvanBecker_Final.obj
         Generating code
         Finished generating code
         FinalProject.vcxproj -> C:\Users\Evan Becker\documents\visual studio 2010\Projects\FinalProject\Release\FinalProject.exe
       Manifest:
         C:\Program Files (x86)\Microsoft SDKs\Windows\v7.0A\bin\mt.exe /nologo /verbose /outputresource:"C:\Users\Evan Becker\documents\visual studio 2010\Projects\FinalProject\Release\FinalProject.exe;#1" /manifest Release\FinalProject.exe.intermediate.manifest
       FinalizeBuildStatus:
         Deleting file "Release\FinalProject.unsuccessfulbuild".
         Touching "Release\FinalProject.lastbuildstate".
     1>Done Building Project "C:\Users\Evan Becker\documents\visual studio 2010\Projects\FinalProject\FinalProject\FinalProject.vcxproj" (build target(s)).

Build succeeded.

Time Elapsed 00:00:02.15
