Build started 12/13/2017 11:06:06 AM.
     1>Project "C:\Users\Evan Becker\documents\visual studio 2010\Projects\FinalProject\FinalProject\FinalProject.vcxproj" on node 2 (build target(s)).
     1>InitializeBuildStatus:
         Creating "Debug\FinalProject.unsuccessfulbuild" because "AlwaysCreate" was specified.
       ClCompile:
         C:\Program Files (x86)\Microsoft Visual Studio 10.0\VC\bin\CL.exe /c /ZI /nologo /W3 /WX- /Od /Oy- /D _MBCS /Gm /EHsc /RTC1 /MDd /GS /fp:precise /Zc:wchar_t /Zc:forScope /Fo"Debug\\" /Fd"Debug\vc100.pdb" /Gd /TP /analyze- /errorReport:prompt EvanBecker_Final.cpp
         EvanBecker_Final.cpp
     1>c:\users\evan becker\documents\visual studio 2010\projects\finalproject\finalproject\evanbecker_final.cpp(109): warning C4996: 'fopen': This function or variable may be unsafe. Consider using fopen_s instead. To disable deprecation, use _CRT_SECURE_NO_WARNINGS. See online help for details.
                 c:\program files (x86)\microsoft visual studio 10.0\vc\include\stdio.h(234) : see declaration of 'fopen'
     1>c:\users\evan becker\documents\visual studio 2010\projects\finalproject\finalproject\evanbecker_final.cpp(118): warning C4996: 'fscanf': This function or variable may be unsafe. Consider using fscanf_s instead. To disable deprecation, use _CRT_SECURE_NO_WARNINGS. See online help for details.
                 c:\program files (x86)\microsoft visual studio 10.0\vc\include\stdio.h(253) : see declaration of 'fscanf'
     1>c:\users\evan becker\documents\visual studio 2010\projects\finalproject\finalproject\evanbecker_final.cpp(133): warning C4996: 'fscanf': This function or variable may be unsafe. Consider using fscanf_s instead. To disable deprecation, use _CRT_SECURE_NO_WARNINGS. See online help for details.
                 c:\program files (x86)\microsoft visual studio 10.0\vc\include\stdio.h(253) : see declaration of 'fscanf'
     1>c:\users\evan becker\documents\visual studio 2010\projects\finalproject\finalproject\evanbecker_final.cpp(149): warning C4996: 'fscanf': This function or variable may be unsafe. Consider using fscanf_s instead. To disable deprecation, use _CRT_SECURE_NO_WARNINGS. See online help for details.
                 c:\program files (x86)\microsoft visual studio 10.0\vc\include\stdio.h(253) : see declaration of 'fscanf'
     1>c:\users\evan becker\documents\visual studio 2010\projects\finalproject\finalproject\evanbecker_final.cpp(153): warning C4996: 'fscanf': This function or variable may be unsafe. Consider using fscanf_s instead. To disable deprecation, use _CRT_SECURE_NO_WARNINGS. See online help for details.
                 c:\program files (x86)\microsoft visual studio 10.0\vc\include\stdio.h(253) : see declaration of 'fscanf'
     1>c:\users\evan becker\documents\visual studio 2010\projects\finalproject\finalproject\evanbecker_final.cpp(240): warning C4018: '<' : signed/unsigned mismatch
       Link:
         C:\Program Files (x86)\Microsoft Visual Studio 10.0\VC\bin\link.exe /ERRORREPORT:PROMPT /OUT:"C:\Users\Evan Becker\documents\visual studio 2010\Projects\FinalProject\Debug\FinalProject.exe" /NOLOGO kernel32.lib user32.lib gdi32.lib winspool.lib comdlg32.lib advapi32.lib shell32.lib ole32.lib oleaut32.lib uuid.lib odbc32.lib odbccp32.lib /MANIFEST /ManifestFile:"Debug\FinalProject.exe.intermediate.manifest" /MANIFESTUAC:"level='asInvoker' uiAccess='false'" /DEBUG /PDB:"C:\Users\Evan Becker\documents\visual studio 2010\Projects\FinalProject\Debug\FinalProject.pdb" /TLBID:1 /DYNAMICBASE /NXCOMPAT /IMPLIB:"C:\Users\Evan Becker\documents\visual studio 2010\Projects\FinalProject\Debug\FinalProject.lib" /MACHINE:X86 Debug\EvanBecker_Final.obj
         LINK : C:\Users\Evan Becker\documents\visual studio 2010\Projects\FinalProject\Debug\FinalProject.exe not found or not built by the last incremental link; performing full link
         FinalProject.vcxproj -> C:\Users\Evan Becker\documents\visual studio 2010\Projects\FinalProject\Debug\FinalProject.exe
       Manifest:
         C:\Program Files (x86)\Microsoft SDKs\Windows\v7.0A\bin\mt.exe /nologo /verbose /outputresource:"C:\Users\Evan Becker\documents\visual studio 2010\Projects\FinalProject\Debug\FinalProject.exe;#1" /manifest Debug\FinalProject.exe.intermediate.manifest
       FinalizeBuildStatus:
         Deleting file "Debug\FinalProject.unsuccessfulbuild".
         Touching "Debug\FinalProject.lastbuildstate".
     1>Done Building Project "C:\Users\Evan Becker\documents\visual studio 2010\Projects\FinalProject\FinalProject\FinalProject.vcxproj" (build target(s)).

Build succeeded.

Time Elapsed 00:00:02.38
